Time compensation is 0
TEST: Skip tests with tags: 'mem_6gb', 'verylong'
CTEST_FULL_OUTPUT
OpenCV version: 4.1.1-pre
OpenCV VCS version: 4.1.0-431-gb58b2c5ae
Build type: RELEASE
WARNING: build value differs from runtime: Release
Compiler: /usr/bin/c++  (ver 7.4.0)
Parallel framework: pthreads
CPU features: SSE SSE2 SSE3 *SSE4.1 *SSE4.2 *FP16 *AVX *AVX2 *AVX512-SKX?
Intel(R) IPP version: ippIP AVX2 (l9) 2019.0.0 Gold (-) Jul 24 2018
OpenCL Platforms: 
    NVIDIA CUDA
        dGPU: GeForce GTX 1050 (OpenCL 1.2 CUDA)
    AMD Accelerated Parallel Processing
        iGPU: gfx902 (OpenCL 2.0 AMD-APP (2841.17))
Current OpenCL device: 
    Type = dGPU
    Name = GeForce GTX 1050
    Version = OpenCL 1.2 CUDA
    Driver version = 430.26
    Address bits = 64
    Compute units = 5
    Max work group size = 1024
    Local memory size = 48 KB
    Max memory allocation size = 500 MB 80 KB
    Double support = Yes
    Host unified memory = No
    Device extensions:
        cl_khr_global_int32_base_atomics
        cl_khr_global_int32_extended_atomics
        cl_khr_local_int32_base_atomics
        cl_khr_local_int32_extended_atomics
        cl_khr_fp64
        cl_khr_byte_addressable_store
        cl_khr_icd
        cl_khr_gl_sharing
        cl_nv_compiler_options
        cl_nv_device_attribute_query
        cl_nv_pragma_unroll
        cl_nv_copy_opts
        cl_nv_create_buffer
    Has AMD Blas = No
    Has AMD Fft = No
    Preferred vector width char = 1
    Preferred vector width short = 1
    Preferred vector width int = 1
    Preferred vector width long = 1
    Preferred vector width float = 1
    Preferred vector width double = 1
[==========] Running 82 tests from 4 test cases.
[----------] Global test environment set-up.
[----------] 1 test from OCL_HOGFixture_HOG
[ RUN      ] OCL_HOGFixture_HOG.HOG
[ PERFSTAT ]    (samples=13   mean=30.77   median=30.80   min=29.76   stddev=0.77 (2.5%))
[       OK ] OCL_HOGFixture_HOG.HOG (1074 ms)
[----------] 1 test from OCL_HOGFixture_HOG (1074 ms total)

[----------] 27 tests from OCL_Cascade_Image_MinSize_CascadeClassifier
[ RUN      ] OCL_Cascade_Image_MinSize_CascadeClassifier.CascadeClassifier/0, where GetParam() = ("cv/cascadeandhog/cascades/haarcascade_frontalface_alt.xml", "cv/shared/lena.png", 30)
[ PERFSTAT ]    (samples=100   mean=12.16   median=12.17   min=11.48   stddev=0.46 (3.8%))
[       OK ] OCL_Cascade_Image_MinSize_CascadeClassifier.CascadeClassifier/0 (1475 ms)
[ RUN      ] OCL_Cascade_Image_MinSize_CascadeClassifier.CascadeClassifier/1, where GetParam() = ("cv/cascadeandhog/cascades/haarcascade_frontalface_alt.xml", "cv/shared/lena.png", 64)
[ PERFSTAT ]    (samples=13   mean=4.02   median=4.04   min=3.73   stddev=0.12 (2.9%))
[       OK ] OCL_Cascade_Image_MinSize_CascadeClassifier.CascadeClassifier/1 (74 ms)
[ RUN      ] OCL_Cascade_Image_MinSize_CascadeClassifier.CascadeClassifier/2, where GetParam() = ("cv/cascadeandhog/cascades/haarcascade_frontalface_alt.xml", "cv/shared/lena.png", 90)
[ PERFSTAT ]    (samples=13   mean=2.70   median=2.70   min=2.65   stddev=0.02 (0.7%))
[       OK ] OCL_Cascade_Image_MinSize_CascadeClassifier.CascadeClassifier/2 (56 ms)
[ RUN      ] OCL_Cascade_Image_MinSize_CascadeClassifier.CascadeClassifier/3, where GetParam() = ("cv/cascadeandhog/cascades/haarcascade_frontalface_alt.xml", "cv/cascadeandhog/images/bttf301.png", 30)
[ PERFSTAT ]    (samples=100   mean=10.97   median=10.81   min=10.37   stddev=0.42 (3.9%))
[       OK ] OCL_Cascade_Image_MinSize_CascadeClassifier.CascadeClassifier/3 (1150 ms)
[ RUN      ] OCL_Cascade_Image_MinSize_CascadeClassifier.CascadeClassifier/4, where GetParam() = ("cv/cascadeandhog/cascades/haarcascade_frontalface_alt.xml", "cv/cascadeandhog/images/bttf301.png", 64)
[ PERFSTAT ]    (samples=100   mean=3.33   median=3.39   min=3.13   stddev=0.14 (4.1%))
[       OK ] OCL_Cascade_Image_MinSize_CascadeClassifier.CascadeClassifier/4 (352 ms)
[ RUN      ] OCL_Cascade_Image_MinSize_CascadeClassifier.CascadeClassifier/5, where GetParam() = ("cv/cascadeandhog/cascades/haarcascade_frontalface_alt.xml", "cv/cascadeandhog/images/bttf301.png", 90)
[ PERFSTAT ]    (samples=100   mean=1.98   median=1.92   min=1.90   stddev=0.09 (4.7%))
[       OK ] OCL_Cascade_Image_MinSize_CascadeClassifier.CascadeClassifier/5 (217 ms)
[ RUN      ] OCL_Cascade_Image_MinSize_CascadeClassifier.CascadeClassifier/6, where GetParam() = ("cv/cascadeandhog/cascades/haarcascade_frontalface_alt.xml", "cv/cascadeandhog/images/class57.png", 30)
[ PERFSTAT ]    (samples=13   mean=70.90   median=70.48   min=69.69   stddev=1.91 (2.7%))
[       OK ] OCL_Cascade_Image_MinSize_CascadeClassifier.CascadeClassifier/6 (962 ms)
[ RUN      ] OCL_Cascade_Image_MinSize_CascadeClassifier.CascadeClassifier/7, where GetParam() = ("cv/cascadeandhog/cascades/haarcascade_frontalface_alt.xml", "cv/cascadeandhog/images/class57.png", 64)
[ PERFSTAT ]    (samples=16   mean=16.37   median=16.50   min=15.65   stddev=0.48 (2.9%))
[       OK ] OCL_Cascade_Image_MinSize_CascadeClassifier.CascadeClassifier/7 (287 ms)
[ RUN      ] OCL_Cascade_Image_MinSize_CascadeClassifier.CascadeClassifier/8, where GetParam() = ("cv/cascadeandhog/cascades/haarcascade_frontalface_alt.xml", "cv/cascadeandhog/images/class57.png", 90)
[ PERFSTAT ]    (samples=100   mean=9.76   median=9.74   min=9.13   stddev=0.33 (3.4%))
[       OK ] OCL_Cascade_Image_MinSize_CascadeClassifier.CascadeClassifier/8 (1008 ms)
[ RUN      ] OCL_Cascade_Image_MinSize_CascadeClassifier.CascadeClassifier/9, where GetParam() = ("cv/cascadeandhog/cascades/haarcascade_frontalface_alt2.xml", "cv/shared/lena.png", 30)
[ PERFSTAT ]    (samples=100   mean=12.46   median=12.53   min=11.69   stddev=0.46 (3.7%))
[       OK ] OCL_Cascade_Image_MinSize_CascadeClassifier.CascadeClassifier/9 (1472 ms)
[ RUN      ] OCL_Cascade_Image_MinSize_CascadeClassifier.CascadeClassifier/10, where GetParam() = ("cv/cascadeandhog/cascades/haarcascade_frontalface_alt2.xml", "cv/shared/lena.png", 64)
[ PERFSTAT ]    (samples=100   mean=3.99   median=4.05   min=3.72   stddev=0.16 (4.0%))
[       OK ] OCL_Cascade_Image_MinSize_CascadeClassifier.CascadeClassifier/10 (420 ms)
[ RUN      ] OCL_Cascade_Image_MinSize_CascadeClassifier.CascadeClassifier/11, where GetParam() = ("cv/cascadeandhog/cascades/haarcascade_frontalface_alt2.xml", "cv/shared/lena.png", 90)
[ PERFSTAT ]    (samples=13   mean=2.67   median=2.67   min=2.61   stddev=0.02 (0.7%))
[       OK ] OCL_Cascade_Image_MinSize_CascadeClassifier.CascadeClassifier/11 (53 ms)
[ RUN      ] OCL_Cascade_Image_MinSize_CascadeClassifier.CascadeClassifier/12, where GetParam() = ("cv/cascadeandhog/cascades/haarcascade_frontalface_alt2.xml", "cv/cascadeandhog/images/bttf301.png", 30)
[ PERFSTAT ]    (samples=100   mean=11.90   median=12.04   min=11.19   stddev=0.49 (4.1%))
[       OK ] OCL_Cascade_Image_MinSize_CascadeClassifier.CascadeClassifier/12 (1211 ms)
[ RUN      ] OCL_Cascade_Image_MinSize_CascadeClassifier.CascadeClassifier/13, where GetParam() = ("cv/cascadeandhog/cascades/haarcascade_frontalface_alt2.xml", "cv/cascadeandhog/images/bttf301.png", 64)
[ PERFSTAT ]    (samples=100   mean=3.48   median=3.57   min=3.27   stddev=0.14 (3.9%))
[       OK ] OCL_Cascade_Image_MinSize_CascadeClassifier.CascadeClassifier/13 (365 ms)
[ RUN      ] OCL_Cascade_Image_MinSize_CascadeClassifier.CascadeClassifier/14, where GetParam() = ("cv/cascadeandhog/cascades/haarcascade_frontalface_alt2.xml", "cv/cascadeandhog/images/bttf301.png", 90)
[ PERFSTAT ]    (samples=100   mean=1.97   median=1.91   min=1.90   stddev=0.09 (4.6%))
[       OK ] OCL_Cascade_Image_MinSize_CascadeClassifier.CascadeClassifier/14 (213 ms)
[ RUN      ] OCL_Cascade_Image_MinSize_CascadeClassifier.CascadeClassifier/15, where GetParam() = ("cv/cascadeandhog/cascades/haarcascade_frontalface_alt2.xml", "cv/cascadeandhog/images/class57.png", 30)
[ PERFSTAT ]    (samples=10   mean=74.83   median=74.55   min=73.30   stddev=1.24 (1.7%))
[       OK ] OCL_Cascade_Image_MinSize_CascadeClassifier.CascadeClassifier/15 (771 ms)
[ RUN      ] OCL_Cascade_Image_MinSize_CascadeClassifier.CascadeClassifier/16, where GetParam() = ("cv/cascadeandhog/cascades/haarcascade_frontalface_alt2.xml", "cv/cascadeandhog/images/class57.png", 64)
[ PERFSTAT ]    (samples=13   mean=17.73   median=17.83   min=16.88   stddev=0.44 (2.5%))
[       OK ] OCL_Cascade_Image_MinSize_CascadeClassifier.CascadeClassifier/16 (253 ms)
[ RUN      ] OCL_Cascade_Image_MinSize_CascadeClassifier.CascadeClassifier/17, where GetParam() = ("cv/cascadeandhog/cascades/haarcascade_frontalface_alt2.xml", "cv/cascadeandhog/images/class57.png", 90)
[ PERFSTAT ]    (samples=100   mean=10.07   median=10.06   min=9.42   stddev=0.39 (3.9%))
[       OK ] OCL_Cascade_Image_MinSize_CascadeClassifier.CascadeClassifier/17 (1037 ms)
[ RUN      ] OCL_Cascade_Image_MinSize_CascadeClassifier.CascadeClassifier/18, where GetParam() = ("cv/cascadeandhog/cascades/lbpcascade_frontalface.xml", "cv/shared/lena.png", 30)
[ PERFSTAT ]    (samples=100   mean=7.51   median=7.35   min=6.98   stddev=0.36 (4.8%))
[       OK ] OCL_Cascade_Image_MinSize_CascadeClassifier.CascadeClassifier/18 (962 ms)
[ RUN      ] OCL_Cascade_Image_MinSize_CascadeClassifier.CascadeClassifier/19, where GetParam() = ("cv/cascadeandhog/cascades/lbpcascade_frontalface.xml", "cv/shared/lena.png", 64)
[ PERFSTAT ]    (samples=100   mean=2.69   median=2.64   min=2.57   stddev=0.12 (4.3%))
[       OK ] OCL_Cascade_Image_MinSize_CascadeClassifier.CascadeClassifier/19 (279 ms)
[ RUN      ] OCL_Cascade_Image_MinSize_CascadeClassifier.CascadeClassifier/20, where GetParam() = ("cv/cascadeandhog/cascades/lbpcascade_frontalface.xml", "cv/shared/lena.png", 90)
[ PERFSTAT ]    (samples=100   mean=1.81   median=1.75   min=1.73   stddev=0.09 (5.1%))
[       OK ] OCL_Cascade_Image_MinSize_CascadeClassifier.CascadeClassifier/20 (190 ms)
[ RUN      ] OCL_Cascade_Image_MinSize_CascadeClassifier.CascadeClassifier/21, where GetParam() = ("cv/cascadeandhog/cascades/lbpcascade_frontalface.xml", "cv/cascadeandhog/images/bttf301.png", 30)
[ PERFSTAT ]    (samples=100   mean=7.14   median=7.06   min=6.58   stddev=0.35 (5.0%))
[       OK ] OCL_Cascade_Image_MinSize_CascadeClassifier.CascadeClassifier/21 (725 ms)
[ RUN      ] OCL_Cascade_Image_MinSize_CascadeClassifier.CascadeClassifier/22, where GetParam() = ("cv/cascadeandhog/cascades/lbpcascade_frontalface.xml", "cv/cascadeandhog/images/bttf301.png", 64)
[ PERFSTAT ]    (samples=100   mean=2.26   median=2.19   min=2.18   stddev=0.10 (4.4%))
[       OK ] OCL_Cascade_Image_MinSize_CascadeClassifier.CascadeClassifier/22 (232 ms)
[ RUN      ] OCL_Cascade_Image_MinSize_CascadeClassifier.CascadeClassifier/23, where GetParam() = ("cv/cascadeandhog/cascades/lbpcascade_frontalface.xml", "cv/cascadeandhog/images/bttf301.png", 90)
[ PERFSTAT ]    (samples=100   mean=1.30   median=1.28   min=1.27   stddev=0.05 (3.9%))
[       OK ] OCL_Cascade_Image_MinSize_CascadeClassifier.CascadeClassifier/23 (136 ms)
[ RUN      ] OCL_Cascade_Image_MinSize_CascadeClassifier.CascadeClassifier/24, where GetParam() = ("cv/cascadeandhog/cascades/lbpcascade_frontalface.xml", "cv/cascadeandhog/images/class57.png", 30)
[ PERFSTAT ]    (samples=10   mean=40.17   median=40.09   min=39.11   stddev=0.71 (1.8%))
[       OK ] OCL_Cascade_Image_MinSize_CascadeClassifier.CascadeClassifier/24 (414 ms)
[ RUN      ] OCL_Cascade_Image_MinSize_CascadeClassifier.CascadeClassifier/25, where GetParam() = ("cv/cascadeandhog/cascades/lbpcascade_frontalface.xml", "cv/cascadeandhog/images/class57.png", 64)
[ PERFSTAT ]    (samples=10   mean=12.03   median=12.01   min=11.70   stddev=0.24 (2.0%))
[       OK ] OCL_Cascade_Image_MinSize_CascadeClassifier.CascadeClassifier/25 (132 ms)
[ RUN      ] OCL_Cascade_Image_MinSize_CascadeClassifier.CascadeClassifier/26, where GetParam() = ("cv/cascadeandhog/cascades/lbpcascade_frontalface.xml", "cv/cascadeandhog/images/class57.png", 90)
[ PERFSTAT ]    (samples=100   mean=7.23   median=7.24   min=6.68   stddev=0.28 (3.8%))
[       OK ] OCL_Cascade_Image_MinSize_CascadeClassifier.CascadeClassifier/26 (742 ms)
[----------] 27 tests from OCL_Cascade_Image_MinSize_CascadeClassifier (15188 ms total)

[----------] 30 tests from Perf_Objdetect_QRCode
[ RUN      ] Perf_Objdetect_QRCode.detect/0, where GetParam() = "version_1_down.jpg"
/home/az/sdk/src/opencv/opencv/modules/ts/src/ts_perf.cpp:2028: Failure
Failed
Expected: PerfTestBody() doesn't throw an exception.
  Actual: it throws cv::Exception:
  OpenCV(4.1.1-pre) /home/az/sdk/src/opencv/opencv/modules/ts/src/ts.cpp:992: error: (-2:Unspecified error) OpenCV tests: Can't find required data file: cv/qrcode/version_1_down.jpg in function 'findData'

params    = "version_1_down.jpg"
termination reason:  unhandled exception
bytesIn   =          0
bytesOut  =          0
samples   =          0 of 100
outliers  =          0
frequency =          0
[  FAILED  ] Perf_Objdetect_QRCode.detect/0, where GetParam() = "version_1_down.jpg" (14 ms)
[ RUN      ] Perf_Objdetect_QRCode.detect/1, where GetParam() = "version_1_left.jpg"
/home/az/sdk/src/opencv/opencv/modules/ts/src/ts_perf.cpp:2028: Failure
Failed
Expected: PerfTestBody() doesn't throw an exception.
  Actual: it throws cv::Exception:
  OpenCV(4.1.1-pre) /home/az/sdk/src/opencv/opencv/modules/ts/src/ts.cpp:992: error: (-2:Unspecified error) OpenCV tests: Can't find required data file: cv/qrcode/version_1_left.jpg in function 'findData'

params    = "version_1_left.jpg"
termination reason:  unhandled exception
bytesIn   =          0
bytesOut  =          0
samples   =          0 of 100
outliers  =          0
frequency =          0
[  FAILED  ] Perf_Objdetect_QRCode.detect/1, where GetParam() = "version_1_left.jpg" (0 ms)
[ RUN      ] Perf_Objdetect_QRCode.detect/2, where GetParam() = "version_1_right.jpg"
/home/az/sdk/src/opencv/opencv/modules/ts/src/ts_perf.cpp:2028: Failure
Failed
Expected: PerfTestBody() doesn't throw an exception.
  Actual: it throws cv::Exception:
  OpenCV(4.1.1-pre) /home/az/sdk/src/opencv/opencv/modules/ts/src/ts.cpp:992: error: (-2:Unspecified error) OpenCV tests: Can't find required data file: cv/qrcode/version_1_right.jpg in function 'findData'

params    = "version_1_right.jpg"
termination reason:  unhandled exception
bytesIn   =          0
bytesOut  =          0
samples   =          0 of 100
outliers  =          0
frequency =          0
[  FAILED  ] Perf_Objdetect_QRCode.detect/2, where GetParam() = "version_1_right.jpg" (1 ms)
[ RUN      ] Perf_Objdetect_QRCode.detect/3, where GetParam() = "version_1_up.jpg"
/home/az/sdk/src/opencv/opencv/modules/ts/src/ts_perf.cpp:2028: Failure
Failed
Expected: PerfTestBody() doesn't throw an exception.
  Actual: it throws cv::Exception:
  OpenCV(4.1.1-pre) /home/az/sdk/src/opencv/opencv/modules/ts/src/ts.cpp:992: error: (-2:Unspecified error) OpenCV tests: Can't find required data file: cv/qrcode/version_1_up.jpg in function 'findData'

params    = "version_1_up.jpg"
termination reason:  unhandled exception
bytesIn   =          0
bytesOut  =          0
samples   =          0 of 100
outliers  =          0
frequency =          0
[  FAILED  ] Perf_Objdetect_QRCode.detect/3, where GetParam() = "version_1_up.jpg" (0 ms)
[ RUN      ] Perf_Objdetect_QRCode.detect/4, where GetParam() = "version_1_top.jpg"
/home/az/sdk/src/opencv/opencv/modules/ts/src/ts_perf.cpp:2028: Failure
Failed
Expected: PerfTestBody() doesn't throw an exception.
  Actual: it throws cv::Exception:
  OpenCV(4.1.1-pre) /home/az/sdk/src/opencv/opencv/modules/ts/src/ts.cpp:992: error: (-2:Unspecified error) OpenCV tests: Can't find required data file: cv/qrcode/version_1_top.jpg in function 'findData'

params    = "version_1_top.jpg"
termination reason:  unhandled exception
bytesIn   =          0
bytesOut  =          0
samples   =          0 of 100
outliers  =          0
frequency =          0
[  FAILED  ] Perf_Objdetect_QRCode.detect/4, where GetParam() = "version_1_top.jpg" (0 ms)
[ RUN      ] Perf_Objdetect_QRCode.detect/5, where GetParam() = "version_5_down.jpg"
/home/az/sdk/src/opencv/opencv/modules/ts/src/ts_perf.cpp:2028: Failure
Failed
Expected: PerfTestBody() doesn't throw an exception.
  Actual: it throws cv::Exception:
  OpenCV(4.1.1-pre) /home/az/sdk/src/opencv/opencv/modules/ts/src/ts.cpp:992: error: (-2:Unspecified error) OpenCV tests: Can't find required data file: cv/qrcode/version_5_down.jpg in function 'findData'

params    = "version_5_down.jpg"
termination reason:  unhandled exception
bytesIn   =          0
bytesOut  =          0
samples   =          0 of 100
outliers  =          0
frequency =          0
[  FAILED  ] Perf_Objdetect_QRCode.detect/5, where GetParam() = "version_5_down.jpg" (0 ms)
[ RUN      ] Perf_Objdetect_QRCode.detect/6, where GetParam() = "version_5_left.jpg"
/home/az/sdk/src/opencv/opencv/modules/ts/src/ts_perf.cpp:2028: Failure
Failed
Expected: PerfTestBody() doesn't throw an exception.
  Actual: it throws cv::Exception:
  OpenCV(4.1.1-pre) /home/az/sdk/src/opencv/opencv/modules/ts/src/ts.cpp:992: error: (-2:Unspecified error) OpenCV tests: Can't find required data file: cv/qrcode/version_5_left.jpg in function 'findData'

params    = "version_5_left.jpg"
termination reason:  unhandled exception
bytesIn   =          0
bytesOut  =          0
samples   =          0 of 100
outliers  =          0
frequency =          0
[  FAILED  ] Perf_Objdetect_QRCode.detect/6, where GetParam() = "version_5_left.jpg" (0 ms)
[ RUN      ] Perf_Objdetect_QRCode.detect/7, where GetParam() = "version_5_right.jpg"
/home/az/sdk/src/opencv/opencv/modules/ts/src/ts_perf.cpp:2028: Failure
Failed
Expected: PerfTestBody() doesn't throw an exception.
  Actual: it throws cv::Exception:
  OpenCV(4.1.1-pre) /home/az/sdk/src/opencv/opencv/modules/ts/src/ts.cpp:992: error: (-2:Unspecified error) OpenCV tests: Can't find required data file: cv/qrcode/version_5_right.jpg in function 'findData'

params    = "version_5_right.jpg"
termination reason:  unhandled exception
bytesIn   =          0
bytesOut  =          0
samples   =          0 of 100
outliers  =          0
frequency =          0
[  FAILED  ] Perf_Objdetect_QRCode.detect/7, where GetParam() = "version_5_right.jpg" (0 ms)
[ RUN      ] Perf_Objdetect_QRCode.detect/8, where GetParam() = "version_5_up.jpg"
/home/az/sdk/src/opencv/opencv/modules/ts/src/ts_perf.cpp:2028: Failure
Failed
Expected: PerfTestBody() doesn't throw an exception.
  Actual: it throws cv::Exception:
  OpenCV(4.1.1-pre) /home/az/sdk/src/opencv/opencv/modules/ts/src/ts.cpp:992: error: (-2:Unspecified error) OpenCV tests: Can't find required data file: cv/qrcode/version_5_up.jpg in function 'findData'

params    = "version_5_up.jpg"
termination reason:  unhandled exception
bytesIn   =          0
bytesOut  =          0
samples   =          0 of 100
outliers  =          0
frequency =          0
[  FAILED  ] Perf_Objdetect_QRCode.detect/8, where GetParam() = "version_5_up.jpg" (0 ms)
[ RUN      ] Perf_Objdetect_QRCode.detect/9, where GetParam() = "version_5_top.jpg"
/home/az/sdk/src/opencv/opencv/modules/ts/src/ts_perf.cpp:2028: Failure
Failed
Expected: PerfTestBody() doesn't throw an exception.
  Actual: it throws cv::Exception:
  OpenCV(4.1.1-pre) /home/az/sdk/src/opencv/opencv/modules/ts/src/ts.cpp:992: error: (-2:Unspecified error) OpenCV tests: Can't find required data file: cv/qrcode/version_5_top.jpg in function 'findData'

params    = "version_5_top.jpg"
termination reason:  unhandled exception
bytesIn   =          0
bytesOut  =          0
samples   =          0 of 100
outliers  =          0
frequency =          0
[  FAILED  ] Perf_Objdetect_QRCode.detect/9, where GetParam() = "version_5_top.jpg" (0 ms)
[ RUN      ] Perf_Objdetect_QRCode.detect/10, where GetParam() = "russian.jpg"
/home/az/sdk/src/opencv/opencv/modules/ts/src/ts_perf.cpp:2028: Failure
Failed
Expected: PerfTestBody() doesn't throw an exception.
  Actual: it throws cv::Exception:
  OpenCV(4.1.1-pre) /home/az/sdk/src/opencv/opencv/modules/ts/src/ts.cpp:992: error: (-2:Unspecified error) OpenCV tests: Can't find required data file: cv/qrcode/russian.jpg in function 'findData'

params    = "russian.jpg"
termination reason:  unhandled exception
bytesIn   =          0
bytesOut  =          0
samples   =          0 of 100
outliers  =          0
frequency =          0
[  FAILED  ] Perf_Objdetect_QRCode.detect/10, where GetParam() = "russian.jpg" (0 ms)
[ RUN      ] Perf_Objdetect_QRCode.detect/11, where GetParam() = "kanji.jpg"
/home/az/sdk/src/opencv/opencv/modules/ts/src/ts_perf.cpp:2028: Failure
Failed
Expected: PerfTestBody() doesn't throw an exception.
  Actual: it throws cv::Exception:
  OpenCV(4.1.1-pre) /home/az/sdk/src/opencv/opencv/modules/ts/src/ts.cpp:992: error: (-2:Unspecified error) OpenCV tests: Can't find required data file: cv/qrcode/kanji.jpg in function 'findData'

params    = "kanji.jpg"
termination reason:  unhandled exception
bytesIn   =          0
bytesOut  =          0
samples   =          0 of 100
outliers  =          0
frequency =          0
[  FAILED  ] Perf_Objdetect_QRCode.detect/11, where GetParam() = "kanji.jpg" (0 ms)
[ RUN      ] Perf_Objdetect_QRCode.detect/12, where GetParam() = "link_github_ocv.jpg"
/home/az/sdk/src/opencv/opencv/modules/ts/src/ts_perf.cpp:2028: Failure
Failed
Expected: PerfTestBody() doesn't throw an exception.
  Actual: it throws cv::Exception:
  OpenCV(4.1.1-pre) /home/az/sdk/src/opencv/opencv/modules/ts/src/ts.cpp:992: error: (-2:Unspecified error) OpenCV tests: Can't find required data file: cv/qrcode/link_github_ocv.jpg in function 'findData'

params    = "link_github_ocv.jpg"
termination reason:  unhandled exception
bytesIn   =          0
bytesOut  =          0
samples   =          0 of 100
outliers  =          0
frequency =          0
[  FAILED  ] Perf_Objdetect_QRCode.detect/12, where GetParam() = "link_github_ocv.jpg" (0 ms)
[ RUN      ] Perf_Objdetect_QRCode.detect/13, where GetParam() = "link_ocv.jpg"
/home/az/sdk/src/opencv/opencv/modules/ts/src/ts_perf.cpp:2028: Failure
Failed
Expected: PerfTestBody() doesn't throw an exception.
  Actual: it throws cv::Exception:
  OpenCV(4.1.1-pre) /home/az/sdk/src/opencv/opencv/modules/ts/src/ts.cpp:992: error: (-2:Unspecified error) OpenCV tests: Can't find required data file: cv/qrcode/link_ocv.jpg in function 'findData'

params    = "link_ocv.jpg"
termination reason:  unhandled exception
bytesIn   =          0
bytesOut  =          0
samples   =          0 of 100
outliers  =          0
frequency =          0
[  FAILED  ] Perf_Objdetect_QRCode.detect/13, where GetParam() = "link_ocv.jpg" (0 ms)
[ RUN      ] Perf_Objdetect_QRCode.detect/14, where GetParam() = "link_wiki_cv.jpg"
/home/az/sdk/src/opencv/opencv/modules/ts/src/ts_perf.cpp:2028: Failure
Failed
Expected: PerfTestBody() doesn't throw an exception.
  Actual: it throws cv::Exception:
  OpenCV(4.1.1-pre) /home/az/sdk/src/opencv/opencv/modules/ts/src/ts.cpp:992: error: (-2:Unspecified error) OpenCV tests: Can't find required data file: cv/qrcode/link_wiki_cv.jpg in function 'findData'

params    = "link_wiki_cv.jpg"
termination reason:  unhandled exception
bytesIn   =          0
bytesOut  =          0
samples   =          0 of 100
outliers  =          0
frequency =          0
[  FAILED  ] Perf_Objdetect_QRCode.detect/14, where GetParam() = "link_wiki_cv.jpg" (0 ms)
[ RUN      ] Perf_Objdetect_QRCode.decode/0, where GetParam() = "version_1_down.jpg"
/home/az/sdk/src/opencv/opencv/modules/ts/src/ts_perf.cpp:2028: Failure
Failed
Expected: PerfTestBody() doesn't throw an exception.
  Actual: it throws cv::Exception:
  OpenCV(4.1.1-pre) /home/az/sdk/src/opencv/opencv/modules/ts/src/ts.cpp:992: error: (-2:Unspecified error) OpenCV tests: Can't find required data file: cv/qrcode/version_1_down.jpg in function 'findData'

params    = "version_1_down.jpg"
termination reason:  unhandled exception
bytesIn   =          0
bytesOut  =          0
samples   =          0 of 100
outliers  =          0
frequency =          0
[  FAILED  ] Perf_Objdetect_QRCode.decode/0, where GetParam() = "version_1_down.jpg" (0 ms)
[ RUN      ] Perf_Objdetect_QRCode.decode/1, where GetParam() = "version_1_left.jpg"
/home/az/sdk/src/opencv/opencv/modules/ts/src/ts_perf.cpp:2028: Failure
Failed
Expected: PerfTestBody() doesn't throw an exception.
  Actual: it throws cv::Exception:
  OpenCV(4.1.1-pre) /home/az/sdk/src/opencv/opencv/modules/ts/src/ts.cpp:992: error: (-2:Unspecified error) OpenCV tests: Can't find required data file: cv/qrcode/version_1_left.jpg in function 'findData'

params    = "version_1_left.jpg"
termination reason:  unhandled exception
bytesIn   =          0
bytesOut  =          0
samples   =          0 of 100
outliers  =          0
frequency =          0
[  FAILED  ] Perf_Objdetect_QRCode.decode/1, where GetParam() = "version_1_left.jpg" (0 ms)
[ RUN      ] Perf_Objdetect_QRCode.decode/2, where GetParam() = "version_1_right.jpg"
/home/az/sdk/src/opencv/opencv/modules/ts/src/ts_perf.cpp:2028: Failure
Failed
Expected: PerfTestBody() doesn't throw an exception.
  Actual: it throws cv::Exception:
  OpenCV(4.1.1-pre) /home/az/sdk/src/opencv/opencv/modules/ts/src/ts.cpp:992: error: (-2:Unspecified error) OpenCV tests: Can't find required data file: cv/qrcode/version_1_right.jpg in function 'findData'

params    = "version_1_right.jpg"
termination reason:  unhandled exception
bytesIn   =          0
bytesOut  =          0
samples   =          0 of 100
outliers  =          0
frequency =          0
[  FAILED  ] Perf_Objdetect_QRCode.decode/2, where GetParam() = "version_1_right.jpg" (0 ms)
[ RUN      ] Perf_Objdetect_QRCode.decode/3, where GetParam() = "version_1_up.jpg"
/home/az/sdk/src/opencv/opencv/modules/ts/src/ts_perf.cpp:2028: Failure
Failed
Expected: PerfTestBody() doesn't throw an exception.
  Actual: it throws cv::Exception:
  OpenCV(4.1.1-pre) /home/az/sdk/src/opencv/opencv/modules/ts/src/ts.cpp:992: error: (-2:Unspecified error) OpenCV tests: Can't find required data file: cv/qrcode/version_1_up.jpg in function 'findData'

params    = "version_1_up.jpg"
termination reason:  unhandled exception
bytesIn   =          0
bytesOut  =          0
samples   =          0 of 100
outliers  =          0
frequency =          0
[  FAILED  ] Perf_Objdetect_QRCode.decode/3, where GetParam() = "version_1_up.jpg" (1 ms)
[ RUN      ] Perf_Objdetect_QRCode.decode/4, where GetParam() = "version_1_top.jpg"
/home/az/sdk/src/opencv/opencv/modules/ts/src/ts_perf.cpp:2028: Failure
Failed
Expected: PerfTestBody() doesn't throw an exception.
  Actual: it throws cv::Exception:
  OpenCV(4.1.1-pre) /home/az/sdk/src/opencv/opencv/modules/ts/src/ts.cpp:992: error: (-2:Unspecified error) OpenCV tests: Can't find required data file: cv/qrcode/version_1_top.jpg in function 'findData'

params    = "version_1_top.jpg"
termination reason:  unhandled exception
bytesIn   =          0
bytesOut  =          0
samples   =          0 of 100
outliers  =          0
frequency =          0
[  FAILED  ] Perf_Objdetect_QRCode.decode/4, where GetParam() = "version_1_top.jpg" (0 ms)
[ RUN      ] Perf_Objdetect_QRCode.decode/5, where GetParam() = "version_5_down.jpg"
/home/az/sdk/src/opencv/opencv/modules/ts/src/ts_perf.cpp:2028: Failure
Failed
Expected: PerfTestBody() doesn't throw an exception.
  Actual: it throws cv::Exception:
  OpenCV(4.1.1-pre) /home/az/sdk/src/opencv/opencv/modules/ts/src/ts.cpp:992: error: (-2:Unspecified error) OpenCV tests: Can't find required data file: cv/qrcode/version_5_down.jpg in function 'findData'

params    = "version_5_down.jpg"
termination reason:  unhandled exception
bytesIn   =          0
bytesOut  =          0
samples   =          0 of 100
outliers  =          0
frequency =          0
[  FAILED  ] Perf_Objdetect_QRCode.decode/5, where GetParam() = "version_5_down.jpg" (0 ms)
[ RUN      ] Perf_Objdetect_QRCode.decode/6, where GetParam() = "version_5_left.jpg"
/home/az/sdk/src/opencv/opencv/modules/ts/src/ts_perf.cpp:2028: Failure
Failed
Expected: PerfTestBody() doesn't throw an exception.
  Actual: it throws cv::Exception:
  OpenCV(4.1.1-pre) /home/az/sdk/src/opencv/opencv/modules/ts/src/ts.cpp:992: error: (-2:Unspecified error) OpenCV tests: Can't find required data file: cv/qrcode/version_5_left.jpg in function 'findData'

params    = "version_5_left.jpg"
termination reason:  unhandled exception
bytesIn   =          0
bytesOut  =          0
samples   =          0 of 100
outliers  =          0
frequency =          0
[  FAILED  ] Perf_Objdetect_QRCode.decode/6, where GetParam() = "version_5_left.jpg" (0 ms)
[ RUN      ] Perf_Objdetect_QRCode.decode/7, where GetParam() = "version_5_right.jpg"
/home/az/sdk/src/opencv/opencv/modules/ts/src/ts_perf.cpp:2028: Failure
Failed
Expected: PerfTestBody() doesn't throw an exception.
  Actual: it throws cv::Exception:
  OpenCV(4.1.1-pre) /home/az/sdk/src/opencv/opencv/modules/ts/src/ts.cpp:992: error: (-2:Unspecified error) OpenCV tests: Can't find required data file: cv/qrcode/version_5_right.jpg in function 'findData'

params    = "version_5_right.jpg"
termination reason:  unhandled exception
bytesIn   =          0
bytesOut  =          0
samples   =          0 of 100
outliers  =          0
frequency =          0
[  FAILED  ] Perf_Objdetect_QRCode.decode/7, where GetParam() = "version_5_right.jpg" (0 ms)
[ RUN      ] Perf_Objdetect_QRCode.decode/8, where GetParam() = "version_5_up.jpg"
/home/az/sdk/src/opencv/opencv/modules/ts/src/ts_perf.cpp:2028: Failure
Failed
Expected: PerfTestBody() doesn't throw an exception.
  Actual: it throws cv::Exception:
  OpenCV(4.1.1-pre) /home/az/sdk/src/opencv/opencv/modules/ts/src/ts.cpp:992: error: (-2:Unspecified error) OpenCV tests: Can't find required data file: cv/qrcode/version_5_up.jpg in function 'findData'

params    = "version_5_up.jpg"
termination reason:  unhandled exception
bytesIn   =          0
bytesOut  =          0
samples   =          0 of 100
outliers  =          0
frequency =          0
[  FAILED  ] Perf_Objdetect_QRCode.decode/8, where GetParam() = "version_5_up.jpg" (0 ms)
[ RUN      ] Perf_Objdetect_QRCode.decode/9, where GetParam() = "version_5_top.jpg"
/home/az/sdk/src/opencv/opencv/modules/ts/src/ts_perf.cpp:2028: Failure
Failed
Expected: PerfTestBody() doesn't throw an exception.
  Actual: it throws cv::Exception:
  OpenCV(4.1.1-pre) /home/az/sdk/src/opencv/opencv/modules/ts/src/ts.cpp:992: error: (-2:Unspecified error) OpenCV tests: Can't find required data file: cv/qrcode/version_5_top.jpg in function 'findData'

params    = "version_5_top.jpg"
termination reason:  unhandled exception
bytesIn   =          0
bytesOut  =          0
samples   =          0 of 100
outliers  =          0
frequency =          0
[  FAILED  ] Perf_Objdetect_QRCode.decode/9, where GetParam() = "version_5_top.jpg" (0 ms)
[ RUN      ] Perf_Objdetect_QRCode.decode/10, where GetParam() = "russian.jpg"
/home/az/sdk/src/opencv/opencv/modules/ts/src/ts_perf.cpp:2028: Failure
Failed
Expected: PerfTestBody() doesn't throw an exception.
  Actual: it throws cv::Exception:
  OpenCV(4.1.1-pre) /home/az/sdk/src/opencv/opencv/modules/ts/src/ts.cpp:992: error: (-2:Unspecified error) OpenCV tests: Can't find required data file: cv/qrcode/russian.jpg in function 'findData'

params    = "russian.jpg"
termination reason:  unhandled exception
bytesIn   =          0
bytesOut  =          0
samples   =          0 of 100
outliers  =          0
frequency =          0
[  FAILED  ] Perf_Objdetect_QRCode.decode/10, where GetParam() = "russian.jpg" (0 ms)
[ RUN      ] Perf_Objdetect_QRCode.decode/11, where GetParam() = "kanji.jpg"
/home/az/sdk/src/opencv/opencv/modules/ts/src/ts_perf.cpp:2028: Failure
Failed
Expected: PerfTestBody() doesn't throw an exception.
  Actual: it throws cv::Exception:
  OpenCV(4.1.1-pre) /home/az/sdk/src/opencv/opencv/modules/ts/src/ts.cpp:992: error: (-2:Unspecified error) OpenCV tests: Can't find required data file: cv/qrcode/kanji.jpg in function 'findData'

params    = "kanji.jpg"
termination reason:  unhandled exception
bytesIn   =          0
bytesOut  =          0
samples   =          0 of 100
outliers  =          0
frequency =          0
[  FAILED  ] Perf_Objdetect_QRCode.decode/11, where GetParam() = "kanji.jpg" (0 ms)
[ RUN      ] Perf_Objdetect_QRCode.decode/12, where GetParam() = "link_github_ocv.jpg"
/home/az/sdk/src/opencv/opencv/modules/ts/src/ts_perf.cpp:2028: Failure
Failed
Expected: PerfTestBody() doesn't throw an exception.
  Actual: it throws cv::Exception:
  OpenCV(4.1.1-pre) /home/az/sdk/src/opencv/opencv/modules/ts/src/ts.cpp:992: error: (-2:Unspecified error) OpenCV tests: Can't find required data file: cv/qrcode/link_github_ocv.jpg in function 'findData'

params    = "link_github_ocv.jpg"
termination reason:  unhandled exception
bytesIn   =          0
bytesOut  =          0
samples   =          0 of 100
outliers  =          0
frequency =          0
[  FAILED  ] Perf_Objdetect_QRCode.decode/12, where GetParam() = "link_github_ocv.jpg" (0 ms)
[ RUN      ] Perf_Objdetect_QRCode.decode/13, where GetParam() = "link_ocv.jpg"
/home/az/sdk/src/opencv/opencv/modules/ts/src/ts_perf.cpp:2028: Failure
Failed
Expected: PerfTestBody() doesn't throw an exception.
  Actual: it throws cv::Exception:
  OpenCV(4.1.1-pre) /home/az/sdk/src/opencv/opencv/modules/ts/src/ts.cpp:992: error: (-2:Unspecified error) OpenCV tests: Can't find required data file: cv/qrcode/link_ocv.jpg in function 'findData'

params    = "link_ocv.jpg"
termination reason:  unhandled exception
bytesIn   =          0
bytesOut  =          0
samples   =          0 of 100
outliers  =          0
frequency =          0
[  FAILED  ] Perf_Objdetect_QRCode.decode/13, where GetParam() = "link_ocv.jpg" (0 ms)
[ RUN      ] Perf_Objdetect_QRCode.decode/14, where GetParam() = "link_wiki_cv.jpg"
/home/az/sdk/src/opencv/opencv/modules/ts/src/ts_perf.cpp:2028: Failure
Failed
Expected: PerfTestBody() doesn't throw an exception.
  Actual: it throws cv::Exception:
  OpenCV(4.1.1-pre) /home/az/sdk/src/opencv/opencv/modules/ts/src/ts.cpp:992: error: (-2:Unspecified error) OpenCV tests: Can't find required data file: cv/qrcode/link_wiki_cv.jpg in function 'findData'

params    = "link_wiki_cv.jpg"
termination reason:  unhandled exception
bytesIn   =          0
bytesOut  =          0
samples   =          0 of 100
outliers  =          0
frequency =          0
[  FAILED  ] Perf_Objdetect_QRCode.decode/14, where GetParam() = "link_wiki_cv.jpg" (0 ms)
[----------] 30 tests from Perf_Objdetect_QRCode (16 ms total)

[----------] 24 tests from Perf_Objdetect_Not_QRCode
[ RUN      ] Perf_Objdetect_Not_QRCode.detect/0, where GetParam() = ("zero", 640x480)
[ PERFSTAT ]    (samples=13   mean=8.27   median=8.27   min=8.26   stddev=0.01 (0.1%))
[       OK ] Perf_Objdetect_Not_QRCode.detect/0 (112 ms)
[ RUN      ] Perf_Objdetect_Not_QRCode.detect/1, where GetParam() = ("zero", 1280x720)
[ PERFSTAT ]    (samples=10   mean=22.06   median=22.04   min=22.00   stddev=0.08 (0.4%))
[       OK ] Perf_Objdetect_Not_QRCode.detect/1 (220 ms)
[ RUN      ] Perf_Objdetect_Not_QRCode.detect/2, where GetParam() = ("zero", 1920x1080)
[ PERFSTAT ]    (samples=10   mean=48.70   median=48.68   min=48.64   stddev=0.07 (0.1%))
[       OK ] Perf_Objdetect_Not_QRCode.detect/2 (488 ms)
[ RUN      ] Perf_Objdetect_Not_QRCode.detect/3, where GetParam() = ("zero", 3840x2160)
[ PERFSTAT ]    (samples=10   mean=223.83   median=223.04   min=222.94   stddev=1.84 (0.8%))
[       OK ] Perf_Objdetect_Not_QRCode.detect/3 (2239 ms)
[ RUN      ] Perf_Objdetect_Not_QRCode.detect/4, where GetParam() = ("random", 640x480)
[ PERFSTAT ]    (samples=10   mean=8.29   median=8.27   min=8.25   stddev=0.04 (0.5%))
[       OK ] Perf_Objdetect_Not_QRCode.detect/4 (83 ms)
[ RUN      ] Perf_Objdetect_Not_QRCode.detect/5, where GetParam() = ("random", 1280x720)
[ PERFSTAT ]    (samples=10   mean=22.07   median=22.04   min=22.00   stddev=0.10 (0.4%))
[       OK ] Perf_Objdetect_Not_QRCode.detect/5 (222 ms)
[ RUN      ] Perf_Objdetect_Not_QRCode.detect/6, where GetParam() = ("random", 1920x1080)
[ PERFSTAT ]    (samples=10   mean=48.69   median=48.68   min=48.66   stddev=0.03 (0.1%))
[       OK ] Perf_Objdetect_Not_QRCode.detect/6 (488 ms)
[ RUN      ] Perf_Objdetect_Not_QRCode.detect/7, where GetParam() = ("random", 3840x2160)
[ PERFSTAT ]    (samples=10   mean=222.99   median=223.00   min=222.87   stddev=0.09 (0.0%))
[       OK ] Perf_Objdetect_Not_QRCode.detect/7 (2236 ms)
[ RUN      ] Perf_Objdetect_Not_QRCode.detect/8, where GetParam() = ("chessboard", 640x480)
[ PERFSTAT ]    (samples=10   mean=14.63   median=14.64   min=14.38   stddev=0.14 (0.9%))
[       OK ] Perf_Objdetect_Not_QRCode.detect/8 (148 ms)
[ RUN      ] Perf_Objdetect_Not_QRCode.detect/9, where GetParam() = ("chessboard", 1280x720)
[ PERFSTAT ]    (samples=10   mean=29.22   median=29.21   min=29.16   stddev=0.05 (0.2%))
[       OK ] Perf_Objdetect_Not_QRCode.detect/9 (297 ms)
[ RUN      ] Perf_Objdetect_Not_QRCode.detect/10, where GetParam() = ("chessboard", 1920x1080)
[ PERFSTAT ]    (samples=10   mean=64.80   median=64.79   min=64.74   stddev=0.05 (0.1%))
[       OK ] Perf_Objdetect_Not_QRCode.detect/10 (660 ms)
[ RUN      ] Perf_Objdetect_Not_QRCode.detect/11, where GetParam() = ("chessboard", 3840x2160)
[ PERFSTAT ]    (samples=10   mean=286.84   median=286.86   min=286.69   stddev=0.11 (0.0%))
[       OK ] Perf_Objdetect_Not_QRCode.detect/11 (2921 ms)
[ RUN      ] Perf_Objdetect_Not_QRCode.decode/0, where GetParam() = ("zero", 640x480)
[ PERFSTAT ]    (samples=10   mean=10.02   median=9.95   min=9.92   stddev=0.11 (1.1%))
[       OK ] Perf_Objdetect_Not_QRCode.decode/0 (100 ms)
[ RUN      ] Perf_Objdetect_Not_QRCode.decode/1, where GetParam() = ("zero", 1280x720)
[ PERFSTAT ]    (samples=10   mean=25.38   median=25.38   min=25.34   stddev=0.02 (0.1%))
[       OK ] Perf_Objdetect_Not_QRCode.decode/1 (254 ms)
[ RUN      ] Perf_Objdetect_Not_QRCode.decode/2, where GetParam() = ("zero", 1920x1080)
[ PERFSTAT ]    (samples=10   mean=51.64   median=51.65   min=51.49   stddev=0.10 (0.2%))
[       OK ] Perf_Objdetect_Not_QRCode.decode/2 (517 ms)
[ RUN      ] Perf_Objdetect_Not_QRCode.decode/3, where GetParam() = ("zero", 3840x2160)
[ PERFSTAT ]    (samples=10   mean=224.54   median=224.33   min=224.14   stddev=0.81 (0.4%))
[       OK ] Perf_Objdetect_Not_QRCode.decode/3 (2248 ms)
[ RUN      ] Perf_Objdetect_Not_QRCode.decode/4, where GetParam() = ("random", 640x480)
[ PERFSTAT ]    (samples=10   mean=9.96   median=9.94   min=9.93   stddev=0.05 (0.5%))
[       OK ] Perf_Objdetect_Not_QRCode.decode/4 (100 ms)
[ RUN      ] Perf_Objdetect_Not_QRCode.decode/5, where GetParam() = ("random", 1280x720)
[ PERFSTAT ]    (samples=10   mean=25.37   median=25.38   min=25.32   stddev=0.02 (0.1%))
[       OK ] Perf_Objdetect_Not_QRCode.decode/5 (254 ms)
[ RUN      ] Perf_Objdetect_Not_QRCode.decode/6, where GetParam() = ("random", 1920x1080)
[ PERFSTAT ]    (samples=10   mean=51.78   median=51.65   min=51.50   stddev=0.50 (1.0%))
[       OK ] Perf_Objdetect_Not_QRCode.decode/6 (520 ms)
[ RUN      ] Perf_Objdetect_Not_QRCode.decode/7, where GetParam() = ("random", 3840x2160)
[ PERFSTAT ]    (samples=10   mean=224.97   median=224.21   min=224.08   stddev=2.43 (1.1%))
[       OK ] Perf_Objdetect_Not_QRCode.decode/7 (2257 ms)
[ RUN      ] Perf_Objdetect_Not_QRCode.decode/8, where GetParam() = ("chessboard", 640x480)
[ PERFSTAT ]    (samples=10   mean=10.93   median=10.90   min=10.87   stddev=0.07 (0.6%))
[       OK ] Perf_Objdetect_Not_QRCode.decode/8 (111 ms)
[ RUN      ] Perf_Objdetect_Not_QRCode.decode/9, where GetParam() = ("chessboard", 1280x720)
[ PERFSTAT ]    (samples=10   mean=26.30   median=26.27   min=26.24   stddev=0.10 (0.4%))
[       OK ] Perf_Objdetect_Not_QRCode.decode/9 (268 ms)
[ RUN      ] Perf_Objdetect_Not_QRCode.decode/10, where GetParam() = ("chessboard", 1920x1080)
[ PERFSTAT ]    (samples=10   mean=52.70   median=52.58   min=52.40   stddev=0.47 (0.9%))
[       OK ] Perf_Objdetect_Not_QRCode.decode/10 (539 ms)
[ RUN      ] Perf_Objdetect_Not_QRCode.decode/11, where GetParam() = ("chessboard", 3840x2160)
[ PERFSTAT ]    (samples=10   mean=225.80   median=225.06   min=224.88   stddev=2.36 (1.0%))
[       OK ] Perf_Objdetect_Not_QRCode.decode/11 (2305 ms)
[----------] 24 tests from Perf_Objdetect_Not_QRCode (19587 ms total)

[----------] Global test environment tear-down
[==========] 82 tests from 4 test cases ran. (35865 ms total)
[  PASSED  ] 52 tests.
[  FAILED  ] 30 tests, listed below:
[  FAILED  ] Perf_Objdetect_QRCode.detect/0, where GetParam() = "version_1_down.jpg"
[  FAILED  ] Perf_Objdetect_QRCode.detect/1, where GetParam() = "version_1_left.jpg"
[  FAILED  ] Perf_Objdetect_QRCode.detect/2, where GetParam() = "version_1_right.jpg"
[  FAILED  ] Perf_Objdetect_QRCode.detect/3, where GetParam() = "version_1_up.jpg"
[  FAILED  ] Perf_Objdetect_QRCode.detect/4, where GetParam() = "version_1_top.jpg"
[  FAILED  ] Perf_Objdetect_QRCode.detect/5, where GetParam() = "version_5_down.jpg"
[  FAILED  ] Perf_Objdetect_QRCode.detect/6, where GetParam() = "version_5_left.jpg"
[  FAILED  ] Perf_Objdetect_QRCode.detect/7, where GetParam() = "version_5_right.jpg"
[  FAILED  ] Perf_Objdetect_QRCode.detect/8, where GetParam() = "version_5_up.jpg"
[  FAILED  ] Perf_Objdetect_QRCode.detect/9, where GetParam() = "version_5_top.jpg"
[  FAILED  ] Perf_Objdetect_QRCode.detect/10, where GetParam() = "russian.jpg"
[  FAILED  ] Perf_Objdetect_QRCode.detect/11, where GetParam() = "kanji.jpg"
[  FAILED  ] Perf_Objdetect_QRCode.detect/12, where GetParam() = "link_github_ocv.jpg"
[  FAILED  ] Perf_Objdetect_QRCode.detect/13, where GetParam() = "link_ocv.jpg"
[  FAILED  ] Perf_Objdetect_QRCode.detect/14, where GetParam() = "link_wiki_cv.jpg"
[  FAILED  ] Perf_Objdetect_QRCode.decode/0, where GetParam() = "version_1_down.jpg"
[  FAILED  ] Perf_Objdetect_QRCode.decode/1, where GetParam() = "version_1_left.jpg"
[  FAILED  ] Perf_Objdetect_QRCode.decode/2, where GetParam() = "version_1_right.jpg"
[  FAILED  ] Perf_Objdetect_QRCode.decode/3, where GetParam() = "version_1_up.jpg"
[  FAILED  ] Perf_Objdetect_QRCode.decode/4, where GetParam() = "version_1_top.jpg"
[  FAILED  ] Perf_Objdetect_QRCode.decode/5, where GetParam() = "version_5_down.jpg"
[  FAILED  ] Perf_Objdetect_QRCode.decode/6, where GetParam() = "version_5_left.jpg"
[  FAILED  ] Perf_Objdetect_QRCode.decode/7, where GetParam() = "version_5_right.jpg"
[  FAILED  ] Perf_Objdetect_QRCode.decode/8, where GetParam() = "version_5_up.jpg"
[  FAILED  ] Perf_Objdetect_QRCode.decode/9, where GetParam() = "version_5_top.jpg"
[  FAILED  ] Perf_Objdetect_QRCode.decode/10, where GetParam() = "russian.jpg"
[  FAILED  ] Perf_Objdetect_QRCode.decode/11, where GetParam() = "kanji.jpg"
[  FAILED  ] Perf_Objdetect_QRCode.decode/12, where GetParam() = "link_github_ocv.jpg"
[  FAILED  ] Perf_Objdetect_QRCode.decode/13, where GetParam() = "link_ocv.jpg"
[  FAILED  ] Perf_Objdetect_QRCode.decode/14, where GetParam() = "link_wiki_cv.jpg"

30 FAILED TESTS
