CTEST_FULL_OUTPUT
OpenCV version: 4.0.0-dev
OpenCV VCS version: 4.0.0-beta-388-gc6daa4aa1-dirty
Build type: RELEASE
WARNING: build value differs from runtime: Release
Compiler: /usr/bin/c++  (ver 7.3.0)
Parallel framework: pthreads
CPU features: SSE SSE2 SSE3 *SSE4.1 *SSE4.2 *FP16 *AVX *AVX2? *AVX512-SKX?
Intel(R) IPP version: ippIP SSE4.2 (y8) 2019.0.0 Gold (-) Jul 24 2018
OpenCL Platforms: 
    Intel Gen OCL Driver
        iGPU: Intel(R) HD Graphics IvyBridge M GT2 (OpenCL 1.2 beignet 1.3)
Current OpenCL device: 
    Type = iGPU
    Name = Intel(R) HD Graphics IvyBridge M GT2
    Version = OpenCL 1.2 beignet 1.3
    Driver version = 1.3
    Address bits = 32
    Compute units = 16
    Max work group size = 512
    Local memory size = 64 KB
    Max memory allocation size = 1 GB 512 MB
    Double support = No
    Host unified memory = Yes
    Device extensions:
        cl_khr_global_int32_base_atomics
        cl_khr_global_int32_extended_atomics
        cl_khr_local_int32_base_atomics
        cl_khr_local_int32_extended_atomics
        cl_khr_byte_addressable_store
        cl_khr_3d_image_writes
        cl_khr_image2d_from_buffer
        cl_khr_depth_images
        cl_khr_spir
        cl_khr_icd
        cl_intel_accelerator
        cl_intel_subgroups
        cl_intel_subgroups_short
        cl_khr_gl_sharing
        cl_intel_motion_estimation
    Has AMD Blas = No
    Has AMD Fft = No
    Preferred vector width char = 16
    Preferred vector width short = 8
    Preferred vector width int = 4
    Preferred vector width long = 2
    Preferred vector width float = 4
    Preferred vector width double = 0
Note: Google Test filter = *OCL_Imgproc/HoughLines*
[==========] Running 24 tests from 2 test cases.
[----------] Global test environment set-up.
[----------] 16 tests from OCL_Imgproc/HoughLines
[ RUN      ] OCL_Imgproc/HoughLines.RealImage/0, where GetParam() = (1, 0.0174533, 80)
[       OK ] OCL_Imgproc/HoughLines.RealImage/0 (1 ms)
[ RUN      ] OCL_Imgproc/HoughLines.RealImage/1, where GetParam() = (1, 0.0174533, 150)
[       OK ] OCL_Imgproc/HoughLines.RealImage/1 (0 ms)
[ RUN      ] OCL_Imgproc/HoughLines.RealImage/2, where GetParam() = (1, 0.00872665, 80)
[       OK ] OCL_Imgproc/HoughLines.RealImage/2 (0 ms)
[ RUN      ] OCL_Imgproc/HoughLines.RealImage/3, where GetParam() = (1, 0.00872665, 150)
[       OK ] OCL_Imgproc/HoughLines.RealImage/3 (0 ms)
[ RUN      ] OCL_Imgproc/HoughLines.RealImage/4, where GetParam() = (0.5, 0.0174533, 80)
[       OK ] OCL_Imgproc/HoughLines.RealImage/4 (0 ms)
[ RUN      ] OCL_Imgproc/HoughLines.RealImage/5, where GetParam() = (0.5, 0.0174533, 150)
[       OK ] OCL_Imgproc/HoughLines.RealImage/5 (0 ms)
[ RUN      ] OCL_Imgproc/HoughLines.RealImage/6, where GetParam() = (0.5, 0.00872665, 80)
[       OK ] OCL_Imgproc/HoughLines.RealImage/6 (0 ms)
[ RUN      ] OCL_Imgproc/HoughLines.RealImage/7, where GetParam() = (0.5, 0.00872665, 150)
[       OK ] OCL_Imgproc/HoughLines.RealImage/7 (0 ms)
[ RUN      ] OCL_Imgproc/HoughLines.GeneratedImage/0, where GetParam() = (1, 0.0174533, 80)
OpenCL program build log: imgproc/hough_lines
Status -11: CL_BUILD_PROGRAM_FAILURE
-D FILL_ACCUM_LOCAL -D LOCAL_SIZE=512 -D BUFFER_SIZE=3613 -D INTEL_DEVICE
stringInput.cl:78:13: error: variables in the local address space can only be declared in the outermost scope of a kernel function

[       OK ] OCL_Imgproc/HoughLines.GeneratedImage/0 (12 ms)
[ RUN      ] OCL_Imgproc/HoughLines.GeneratedImage/1, where GetParam() = (1, 0.0174533, 150)
[       OK ] OCL_Imgproc/HoughLines.GeneratedImage/1 (7 ms)
[ RUN      ] OCL_Imgproc/HoughLines.GeneratedImage/2, where GetParam() = (1, 0.00872665, 80)
[       OK ] OCL_Imgproc/HoughLines.GeneratedImage/2 (14 ms)
[ RUN      ] OCL_Imgproc/HoughLines.GeneratedImage/3, where GetParam() = (1, 0.00872665, 150)
[       OK ] OCL_Imgproc/HoughLines.GeneratedImage/3 (12 ms)
[ RUN      ] OCL_Imgproc/HoughLines.GeneratedImage/4, where GetParam() = (0.5, 0.0174533, 80)
OpenCL program build log: imgproc/hough_lines
Status -11: CL_BUILD_PROGRAM_FAILURE
-D FILL_ACCUM_LOCAL -D LOCAL_SIZE=512 -D BUFFER_SIZE=7224 -D INTEL_DEVICE
stringInput.cl:78:13: error: variables in the local address space can only be declared in the outermost scope of a kernel function

[       OK ] OCL_Imgproc/HoughLines.GeneratedImage/4 (10 ms)
[ RUN      ] OCL_Imgproc/HoughLines.GeneratedImage/5, where GetParam() = (0.5, 0.0174533, 150)
[       OK ] OCL_Imgproc/HoughLines.GeneratedImage/5 (6 ms)
[ RUN      ] OCL_Imgproc/HoughLines.GeneratedImage/6, where GetParam() = (0.5, 0.00872665, 80)
[       OK ] OCL_Imgproc/HoughLines.GeneratedImage/6 (18 ms)
[ RUN      ] OCL_Imgproc/HoughLines.GeneratedImage/7, where GetParam() = (0.5, 0.00872665, 150)
[       OK ] OCL_Imgproc/HoughLines.GeneratedImage/7 (12 ms)
[----------] 16 tests from OCL_Imgproc/HoughLines (92 ms total)

[----------] 8 tests from OCL_Imgproc/HoughLinesP
[ RUN      ] OCL_Imgproc/HoughLinesP.RealImage/0, where GetParam() = (100, 50, 5)
[       OK ] OCL_Imgproc/HoughLinesP.RealImage/0 (0 ms)
[ RUN      ] OCL_Imgproc/HoughLinesP.RealImage/1, where GetParam() = (100, 50, 10)
[       OK ] OCL_Imgproc/HoughLinesP.RealImage/1 (1 ms)
[ RUN      ] OCL_Imgproc/HoughLinesP.RealImage/2, where GetParam() = (100, 100, 5)
[       OK ] OCL_Imgproc/HoughLinesP.RealImage/2 (0 ms)
[ RUN      ] OCL_Imgproc/HoughLinesP.RealImage/3, where GetParam() = (100, 100, 10)
[       OK ] OCL_Imgproc/HoughLinesP.RealImage/3 (0 ms)
[ RUN      ] OCL_Imgproc/HoughLinesP.RealImage/4, where GetParam() = (150, 50, 5)
[       OK ] OCL_Imgproc/HoughLinesP.RealImage/4 (0 ms)
[ RUN      ] OCL_Imgproc/HoughLinesP.RealImage/5, where GetParam() = (150, 50, 10)
[       OK ] OCL_Imgproc/HoughLinesP.RealImage/5 (0 ms)
[ RUN      ] OCL_Imgproc/HoughLinesP.RealImage/6, where GetParam() = (150, 100, 5)
[       OK ] OCL_Imgproc/HoughLinesP.RealImage/6 (0 ms)
[ RUN      ] OCL_Imgproc/HoughLinesP.RealImage/7, where GetParam() = (150, 100, 10)
[       OK ] OCL_Imgproc/HoughLinesP.RealImage/7 (0 ms)
[----------] 8 tests from OCL_Imgproc/HoughLinesP (1 ms total)

[----------] Global test environment tear-down
[==========] 24 tests from 2 test cases ran. (93 ms total)
[  PASSED  ] 24 tests.
