CTEST_FULL_OUTPUT
OpenCV version: 4.0.0-dev
OpenCV VCS version: 4.0.0-beta-388-gc6daa4aa1-dirty
Build type: RELEASE
WARNING: build value differs from runtime: Release
Compiler: /usr/bin/c++  (ver 7.3.0)
Parallel framework: pthreads
CPU features: SSE SSE2 SSE3 *SSE4.1 *SSE4.2 *FP16 *AVX *AVX2? *AVX512-SKX?
Intel(R) IPP version: ippIP SSE4.2 (y8) 2019.0.0 Gold (-) Jul 24 2018
OpenCL Platforms: 
    Intel Gen OCL Driver
        iGPU: Intel(R) HD Graphics IvyBridge M GT2 (OpenCL 1.2 beignet 1.3)
Current OpenCL device: 
    Type = iGPU
    Name = Intel(R) HD Graphics IvyBridge M GT2
    Version = OpenCL 1.2 beignet 1.3
    Driver version = 1.3
    Address bits = 32
    Compute units = 16
    Max work group size = 512
    Local memory size = 64 KB
    Max memory allocation size = 1 GB 512 MB
    Double support = No
    Host unified memory = Yes
    Device extensions:
        cl_khr_global_int32_base_atomics
        cl_khr_global_int32_extended_atomics
        cl_khr_local_int32_base_atomics
        cl_khr_local_int32_extended_atomics
        cl_khr_byte_addressable_store
        cl_khr_3d_image_writes
        cl_khr_image2d_from_buffer
        cl_khr_depth_images
        cl_khr_spir
        cl_khr_icd
        cl_intel_accelerator
        cl_intel_subgroups
        cl_intel_subgroups_short
        cl_khr_gl_sharing
        cl_intel_motion_estimation
    Has AMD Blas = No
    Has AMD Fft = No
    Preferred vector width char = 16
    Preferred vector width short = 8
    Preferred vector width int = 4
    Preferred vector width long = 2
    Preferred vector width float = 4
    Preferred vector width double = 0
Note: Google Test filter = *OCL_Imgproc/CornerHarris*
[==========] Running 32 tests from 1 test case.
[----------] Global test environment set-up.
[----------] 32 tests from OCL_Imgproc/CornerHarris
[ RUN      ] OCL_Imgproc/CornerHarris.Mat/0, where GetParam() = (8UC1, 3, 0, false)
/home/az/sdk/src/opencv/opencv/modules/imgproc/test/ocl/test_imgproc.cpp:198: Failure
Value of: image.empty()
  Actual: true
Expected: false
unknown file: Failure
C++ exception with description "OpenCV(4.0.0-dev) /home/az/sdk/src/opencv/opencv/modules/core/src/matrix.cpp:757: error: (-215:Assertion failed) dims <= 2 && step[0] > 0 in function 'locateROI'
" thrown in the test body.
[  FAILED  ] OCL_Imgproc/CornerHarris.Mat/0, where GetParam() = (8UC1, 3, 0, false) (0 ms)
[ RUN      ] OCL_Imgproc/CornerHarris.Mat/1, where GetParam() = (8UC1, 3, 0, true)
/home/az/sdk/src/opencv/opencv/modules/imgproc/test/ocl/test_imgproc.cpp:198: Failure
Value of: image.empty()
  Actual: true
Expected: false
unknown file: Failure
C++ exception with description "OpenCV(4.0.0-dev) /home/az/sdk/src/opencv/opencv/modules/core/src/matrix.cpp:757: error: (-215:Assertion failed) dims <= 2 && step[0] > 0 in function 'locateROI'
" thrown in the test body.
[  FAILED  ] OCL_Imgproc/CornerHarris.Mat/1, where GetParam() = (8UC1, 3, 0, true) (0 ms)
[ RUN      ] OCL_Imgproc/CornerHarris.Mat/2, where GetParam() = (8UC1, 3, 1, false)
/home/az/sdk/src/opencv/opencv/modules/imgproc/test/ocl/test_imgproc.cpp:198: Failure
Value of: image.empty()
  Actual: true
Expected: false
unknown file: Failure
C++ exception with description "OpenCV(4.0.0-dev) /home/az/sdk/src/opencv/opencv/modules/core/src/matrix.cpp:757: error: (-215:Assertion failed) dims <= 2 && step[0] > 0 in function 'locateROI'
" thrown in the test body.
[  FAILED  ] OCL_Imgproc/CornerHarris.Mat/2, where GetParam() = (8UC1, 3, 1, false) (0 ms)
[ RUN      ] OCL_Imgproc/CornerHarris.Mat/3, where GetParam() = (8UC1, 3, 1, true)
/home/az/sdk/src/opencv/opencv/modules/imgproc/test/ocl/test_imgproc.cpp:198: Failure
Value of: image.empty()
  Actual: true
Expected: false
unknown file: Failure
C++ exception with description "OpenCV(4.0.0-dev) /home/az/sdk/src/opencv/opencv/modules/core/src/matrix.cpp:757: error: (-215:Assertion failed) dims <= 2 && step[0] > 0 in function 'locateROI'
" thrown in the test body.
[  FAILED  ] OCL_Imgproc/CornerHarris.Mat/3, where GetParam() = (8UC1, 3, 1, true) (0 ms)
[ RUN      ] OCL_Imgproc/CornerHarris.Mat/4, where GetParam() = (8UC1, 3, 2, false)
/home/az/sdk/src/opencv/opencv/modules/imgproc/test/ocl/test_imgproc.cpp:198: Failure
Value of: image.empty()
  Actual: true
Expected: false
unknown file: Failure
C++ exception with description "OpenCV(4.0.0-dev) /home/az/sdk/src/opencv/opencv/modules/core/src/matrix.cpp:757: error: (-215:Assertion failed) dims <= 2 && step[0] > 0 in function 'locateROI'
" thrown in the test body.
[  FAILED  ] OCL_Imgproc/CornerHarris.Mat/4, where GetParam() = (8UC1, 3, 2, false) (0 ms)
[ RUN      ] OCL_Imgproc/CornerHarris.Mat/5, where GetParam() = (8UC1, 3, 2, true)
/home/az/sdk/src/opencv/opencv/modules/imgproc/test/ocl/test_imgproc.cpp:198: Failure
Value of: image.empty()
  Actual: true
Expected: false
unknown file: Failure
C++ exception with description "OpenCV(4.0.0-dev) /home/az/sdk/src/opencv/opencv/modules/core/src/matrix.cpp:757: error: (-215:Assertion failed) dims <= 2 && step[0] > 0 in function 'locateROI'
" thrown in the test body.
[  FAILED  ] OCL_Imgproc/CornerHarris.Mat/5, where GetParam() = (8UC1, 3, 2, true) (0 ms)
[ RUN      ] OCL_Imgproc/CornerHarris.Mat/6, where GetParam() = (8UC1, 3, 4, false)
/home/az/sdk/src/opencv/opencv/modules/imgproc/test/ocl/test_imgproc.cpp:198: Failure
Value of: image.empty()
  Actual: true
Expected: false
unknown file: Failure
C++ exception with description "OpenCV(4.0.0-dev) /home/az/sdk/src/opencv/opencv/modules/core/src/matrix.cpp:757: error: (-215:Assertion failed) dims <= 2 && step[0] > 0 in function 'locateROI'
" thrown in the test body.
[  FAILED  ] OCL_Imgproc/CornerHarris.Mat/6, where GetParam() = (8UC1, 3, 4, false) (1 ms)
[ RUN      ] OCL_Imgproc/CornerHarris.Mat/7, where GetParam() = (8UC1, 3, 4, true)
/home/az/sdk/src/opencv/opencv/modules/imgproc/test/ocl/test_imgproc.cpp:198: Failure
Value of: image.empty()
  Actual: true
Expected: false
unknown file: Failure
C++ exception with description "OpenCV(4.0.0-dev) /home/az/sdk/src/opencv/opencv/modules/core/src/matrix.cpp:757: error: (-215:Assertion failed) dims <= 2 && step[0] > 0 in function 'locateROI'
" thrown in the test body.
[  FAILED  ] OCL_Imgproc/CornerHarris.Mat/7, where GetParam() = (8UC1, 3, 4, true) (0 ms)
[ RUN      ] OCL_Imgproc/CornerHarris.Mat/8, where GetParam() = (8UC1, 5, 0, false)
/home/az/sdk/src/opencv/opencv/modules/imgproc/test/ocl/test_imgproc.cpp:198: Failure
Value of: image.empty()
  Actual: true
Expected: false
unknown file: Failure
C++ exception with description "OpenCV(4.0.0-dev) /home/az/sdk/src/opencv/opencv/modules/core/src/matrix.cpp:757: error: (-215:Assertion failed) dims <= 2 && step[0] > 0 in function 'locateROI'
" thrown in the test body.
[  FAILED  ] OCL_Imgproc/CornerHarris.Mat/8, where GetParam() = (8UC1, 5, 0, false) (0 ms)
[ RUN      ] OCL_Imgproc/CornerHarris.Mat/9, where GetParam() = (8UC1, 5, 0, true)
/home/az/sdk/src/opencv/opencv/modules/imgproc/test/ocl/test_imgproc.cpp:198: Failure
Value of: image.empty()
  Actual: true
Expected: false
unknown file: Failure
C++ exception with description "OpenCV(4.0.0-dev) /home/az/sdk/src/opencv/opencv/modules/core/src/matrix.cpp:757: error: (-215:Assertion failed) dims <= 2 && step[0] > 0 in function 'locateROI'
" thrown in the test body.
[  FAILED  ] OCL_Imgproc/CornerHarris.Mat/9, where GetParam() = (8UC1, 5, 0, true) (0 ms)
[ RUN      ] OCL_Imgproc/CornerHarris.Mat/10, where GetParam() = (8UC1, 5, 1, false)
/home/az/sdk/src/opencv/opencv/modules/imgproc/test/ocl/test_imgproc.cpp:198: Failure
Value of: image.empty()
  Actual: true
Expected: false
unknown file: Failure
C++ exception with description "OpenCV(4.0.0-dev) /home/az/sdk/src/opencv/opencv/modules/core/src/matrix.cpp:757: error: (-215:Assertion failed) dims <= 2 && step[0] > 0 in function 'locateROI'
" thrown in the test body.
[  FAILED  ] OCL_Imgproc/CornerHarris.Mat/10, where GetParam() = (8UC1, 5, 1, false) (0 ms)
[ RUN      ] OCL_Imgproc/CornerHarris.Mat/11, where GetParam() = (8UC1, 5, 1, true)
/home/az/sdk/src/opencv/opencv/modules/imgproc/test/ocl/test_imgproc.cpp:198: Failure
Value of: image.empty()
  Actual: true
Expected: false
unknown file: Failure
C++ exception with description "OpenCV(4.0.0-dev) /home/az/sdk/src/opencv/opencv/modules/core/src/matrix.cpp:757: error: (-215:Assertion failed) dims <= 2 && step[0] > 0 in function 'locateROI'
" thrown in the test body.
[  FAILED  ] OCL_Imgproc/CornerHarris.Mat/11, where GetParam() = (8UC1, 5, 1, true) (0 ms)
[ RUN      ] OCL_Imgproc/CornerHarris.Mat/12, where GetParam() = (8UC1, 5, 2, false)
/home/az/sdk/src/opencv/opencv/modules/imgproc/test/ocl/test_imgproc.cpp:198: Failure
Value of: image.empty()
  Actual: true
Expected: false
unknown file: Failure
C++ exception with description "OpenCV(4.0.0-dev) /home/az/sdk/src/opencv/opencv/modules/core/src/matrix.cpp:757: error: (-215:Assertion failed) dims <= 2 && step[0] > 0 in function 'locateROI'
" thrown in the test body.
[  FAILED  ] OCL_Imgproc/CornerHarris.Mat/12, where GetParam() = (8UC1, 5, 2, false) (0 ms)
[ RUN      ] OCL_Imgproc/CornerHarris.Mat/13, where GetParam() = (8UC1, 5, 2, true)
/home/az/sdk/src/opencv/opencv/modules/imgproc/test/ocl/test_imgproc.cpp:198: Failure
Value of: image.empty()
  Actual: true
Expected: false
unknown file: Failure
C++ exception with description "OpenCV(4.0.0-dev) /home/az/sdk/src/opencv/opencv/modules/core/src/matrix.cpp:757: error: (-215:Assertion failed) dims <= 2 && step[0] > 0 in function 'locateROI'
" thrown in the test body.
[  FAILED  ] OCL_Imgproc/CornerHarris.Mat/13, where GetParam() = (8UC1, 5, 2, true) (0 ms)
[ RUN      ] OCL_Imgproc/CornerHarris.Mat/14, where GetParam() = (8UC1, 5, 4, false)
/home/az/sdk/src/opencv/opencv/modules/imgproc/test/ocl/test_imgproc.cpp:198: Failure
Value of: image.empty()
  Actual: true
Expected: false
unknown file: Failure
C++ exception with description "OpenCV(4.0.0-dev) /home/az/sdk/src/opencv/opencv/modules/core/src/matrix.cpp:757: error: (-215:Assertion failed) dims <= 2 && step[0] > 0 in function 'locateROI'
" thrown in the test body.
[  FAILED  ] OCL_Imgproc/CornerHarris.Mat/14, where GetParam() = (8UC1, 5, 4, false) (0 ms)
[ RUN      ] OCL_Imgproc/CornerHarris.Mat/15, where GetParam() = (8UC1, 5, 4, true)
/home/az/sdk/src/opencv/opencv/modules/imgproc/test/ocl/test_imgproc.cpp:198: Failure
Value of: image.empty()
  Actual: true
Expected: false
unknown file: Failure
C++ exception with description "OpenCV(4.0.0-dev) /home/az/sdk/src/opencv/opencv/modules/core/src/matrix.cpp:757: error: (-215:Assertion failed) dims <= 2 && step[0] > 0 in function 'locateROI'
" thrown in the test body.
[  FAILED  ] OCL_Imgproc/CornerHarris.Mat/15, where GetParam() = (8UC1, 5, 4, true) (0 ms)
[ RUN      ] OCL_Imgproc/CornerHarris.Mat/16, where GetParam() = (32FC1, 3, 0, false)
/home/az/sdk/src/opencv/opencv/modules/imgproc/test/ocl/test_imgproc.cpp:198: Failure
Value of: image.empty()
  Actual: true
Expected: false
unknown file: Failure
C++ exception with description "OpenCV(4.0.0-dev) /home/az/sdk/src/opencv/opencv/modules/core/src/matrix.cpp:757: error: (-215:Assertion failed) dims <= 2 && step[0] > 0 in function 'locateROI'
" thrown in the test body.
[  FAILED  ] OCL_Imgproc/CornerHarris.Mat/16, where GetParam() = (32FC1, 3, 0, false) (0 ms)
[ RUN      ] OCL_Imgproc/CornerHarris.Mat/17, where GetParam() = (32FC1, 3, 0, true)
/home/az/sdk/src/opencv/opencv/modules/imgproc/test/ocl/test_imgproc.cpp:198: Failure
Value of: image.empty()
  Actual: true
Expected: false
unknown file: Failure
C++ exception with description "OpenCV(4.0.0-dev) /home/az/sdk/src/opencv/opencv/modules/core/src/matrix.cpp:757: error: (-215:Assertion failed) dims <= 2 && step[0] > 0 in function 'locateROI'
" thrown in the test body.
[  FAILED  ] OCL_Imgproc/CornerHarris.Mat/17, where GetParam() = (32FC1, 3, 0, true) (0 ms)
[ RUN      ] OCL_Imgproc/CornerHarris.Mat/18, where GetParam() = (32FC1, 3, 1, false)
/home/az/sdk/src/opencv/opencv/modules/imgproc/test/ocl/test_imgproc.cpp:198: Failure
Value of: image.empty()
  Actual: true
Expected: false
unknown file: Failure
C++ exception with description "OpenCV(4.0.0-dev) /home/az/sdk/src/opencv/opencv/modules/core/src/matrix.cpp:757: error: (-215:Assertion failed) dims <= 2 && step[0] > 0 in function 'locateROI'
" thrown in the test body.
[  FAILED  ] OCL_Imgproc/CornerHarris.Mat/18, where GetParam() = (32FC1, 3, 1, false) (0 ms)
[ RUN      ] OCL_Imgproc/CornerHarris.Mat/19, where GetParam() = (32FC1, 3, 1, true)
/home/az/sdk/src/opencv/opencv/modules/imgproc/test/ocl/test_imgproc.cpp:198: Failure
Value of: image.empty()
  Actual: true
Expected: false
unknown file: Failure
C++ exception with description "OpenCV(4.0.0-dev) /home/az/sdk/src/opencv/opencv/modules/core/src/matrix.cpp:757: error: (-215:Assertion failed) dims <= 2 && step[0] > 0 in function 'locateROI'
" thrown in the test body.
[  FAILED  ] OCL_Imgproc/CornerHarris.Mat/19, where GetParam() = (32FC1, 3, 1, true) (0 ms)
[ RUN      ] OCL_Imgproc/CornerHarris.Mat/20, where GetParam() = (32FC1, 3, 2, false)
/home/az/sdk/src/opencv/opencv/modules/imgproc/test/ocl/test_imgproc.cpp:198: Failure
Value of: image.empty()
  Actual: true
Expected: false
unknown file: Failure
C++ exception with description "OpenCV(4.0.0-dev) /home/az/sdk/src/opencv/opencv/modules/core/src/matrix.cpp:757: error: (-215:Assertion failed) dims <= 2 && step[0] > 0 in function 'locateROI'
" thrown in the test body.
[  FAILED  ] OCL_Imgproc/CornerHarris.Mat/20, where GetParam() = (32FC1, 3, 2, false) (0 ms)
[ RUN      ] OCL_Imgproc/CornerHarris.Mat/21, where GetParam() = (32FC1, 3, 2, true)
/home/az/sdk/src/opencv/opencv/modules/imgproc/test/ocl/test_imgproc.cpp:198: Failure
Value of: image.empty()
  Actual: true
Expected: false
unknown file: Failure
C++ exception with description "OpenCV(4.0.0-dev) /home/az/sdk/src/opencv/opencv/modules/core/src/matrix.cpp:757: error: (-215:Assertion failed) dims <= 2 && step[0] > 0 in function 'locateROI'
" thrown in the test body.
[  FAILED  ] OCL_Imgproc/CornerHarris.Mat/21, where GetParam() = (32FC1, 3, 2, true) (0 ms)
[ RUN      ] OCL_Imgproc/CornerHarris.Mat/22, where GetParam() = (32FC1, 3, 4, false)
/home/az/sdk/src/opencv/opencv/modules/imgproc/test/ocl/test_imgproc.cpp:198: Failure
Value of: image.empty()
  Actual: true
Expected: false
unknown file: Failure
C++ exception with description "OpenCV(4.0.0-dev) /home/az/sdk/src/opencv/opencv/modules/core/src/matrix.cpp:757: error: (-215:Assertion failed) dims <= 2 && step[0] > 0 in function 'locateROI'
" thrown in the test body.
[  FAILED  ] OCL_Imgproc/CornerHarris.Mat/22, where GetParam() = (32FC1, 3, 4, false) (0 ms)
[ RUN      ] OCL_Imgproc/CornerHarris.Mat/23, where GetParam() = (32FC1, 3, 4, true)
/home/az/sdk/src/opencv/opencv/modules/imgproc/test/ocl/test_imgproc.cpp:198: Failure
Value of: image.empty()
  Actual: true
Expected: false
unknown file: Failure
C++ exception with description "OpenCV(4.0.0-dev) /home/az/sdk/src/opencv/opencv/modules/core/src/matrix.cpp:757: error: (-215:Assertion failed) dims <= 2 && step[0] > 0 in function 'locateROI'
" thrown in the test body.
[  FAILED  ] OCL_Imgproc/CornerHarris.Mat/23, where GetParam() = (32FC1, 3, 4, true) (0 ms)
[ RUN      ] OCL_Imgproc/CornerHarris.Mat/24, where GetParam() = (32FC1, 5, 0, false)
/home/az/sdk/src/opencv/opencv/modules/imgproc/test/ocl/test_imgproc.cpp:198: Failure
Value of: image.empty()
  Actual: true
Expected: false
unknown file: Failure
C++ exception with description "OpenCV(4.0.0-dev) /home/az/sdk/src/opencv/opencv/modules/core/src/matrix.cpp:757: error: (-215:Assertion failed) dims <= 2 && step[0] > 0 in function 'locateROI'
" thrown in the test body.
[  FAILED  ] OCL_Imgproc/CornerHarris.Mat/24, where GetParam() = (32FC1, 5, 0, false) (1 ms)
[ RUN      ] OCL_Imgproc/CornerHarris.Mat/25, where GetParam() = (32FC1, 5, 0, true)
/home/az/sdk/src/opencv/opencv/modules/imgproc/test/ocl/test_imgproc.cpp:198: Failure
Value of: image.empty()
  Actual: true
Expected: false
unknown file: Failure
C++ exception with description "OpenCV(4.0.0-dev) /home/az/sdk/src/opencv/opencv/modules/core/src/matrix.cpp:757: error: (-215:Assertion failed) dims <= 2 && step[0] > 0 in function 'locateROI'
" thrown in the test body.
[  FAILED  ] OCL_Imgproc/CornerHarris.Mat/25, where GetParam() = (32FC1, 5, 0, true) (0 ms)
[ RUN      ] OCL_Imgproc/CornerHarris.Mat/26, where GetParam() = (32FC1, 5, 1, false)
/home/az/sdk/src/opencv/opencv/modules/imgproc/test/ocl/test_imgproc.cpp:198: Failure
Value of: image.empty()
  Actual: true
Expected: false
unknown file: Failure
C++ exception with description "OpenCV(4.0.0-dev) /home/az/sdk/src/opencv/opencv/modules/core/src/matrix.cpp:757: error: (-215:Assertion failed) dims <= 2 && step[0] > 0 in function 'locateROI'
" thrown in the test body.
[  FAILED  ] OCL_Imgproc/CornerHarris.Mat/26, where GetParam() = (32FC1, 5, 1, false) (0 ms)
[ RUN      ] OCL_Imgproc/CornerHarris.Mat/27, where GetParam() = (32FC1, 5, 1, true)
/home/az/sdk/src/opencv/opencv/modules/imgproc/test/ocl/test_imgproc.cpp:198: Failure
Value of: image.empty()
  Actual: true
Expected: false
unknown file: Failure
C++ exception with description "OpenCV(4.0.0-dev) /home/az/sdk/src/opencv/opencv/modules/core/src/matrix.cpp:757: error: (-215:Assertion failed) dims <= 2 && step[0] > 0 in function 'locateROI'
" thrown in the test body.
[  FAILED  ] OCL_Imgproc/CornerHarris.Mat/27, where GetParam() = (32FC1, 5, 1, true) (0 ms)
[ RUN      ] OCL_Imgproc/CornerHarris.Mat/28, where GetParam() = (32FC1, 5, 2, false)
/home/az/sdk/src/opencv/opencv/modules/imgproc/test/ocl/test_imgproc.cpp:198: Failure
Value of: image.empty()
  Actual: true
Expected: false
unknown file: Failure
C++ exception with description "OpenCV(4.0.0-dev) /home/az/sdk/src/opencv/opencv/modules/core/src/matrix.cpp:757: error: (-215:Assertion failed) dims <= 2 && step[0] > 0 in function 'locateROI'
" thrown in the test body.
[  FAILED  ] OCL_Imgproc/CornerHarris.Mat/28, where GetParam() = (32FC1, 5, 2, false) (0 ms)
[ RUN      ] OCL_Imgproc/CornerHarris.Mat/29, where GetParam() = (32FC1, 5, 2, true)
/home/az/sdk/src/opencv/opencv/modules/imgproc/test/ocl/test_imgproc.cpp:198: Failure
Value of: image.empty()
  Actual: true
Expected: false
unknown file: Failure
C++ exception with description "OpenCV(4.0.0-dev) /home/az/sdk/src/opencv/opencv/modules/core/src/matrix.cpp:757: error: (-215:Assertion failed) dims <= 2 && step[0] > 0 in function 'locateROI'
" thrown in the test body.
[  FAILED  ] OCL_Imgproc/CornerHarris.Mat/29, where GetParam() = (32FC1, 5, 2, true) (0 ms)
[ RUN      ] OCL_Imgproc/CornerHarris.Mat/30, where GetParam() = (32FC1, 5, 4, false)
/home/az/sdk/src/opencv/opencv/modules/imgproc/test/ocl/test_imgproc.cpp:198: Failure
Value of: image.empty()
  Actual: true
Expected: false
unknown file: Failure
C++ exception with description "OpenCV(4.0.0-dev) /home/az/sdk/src/opencv/opencv/modules/core/src/matrix.cpp:757: error: (-215:Assertion failed) dims <= 2 && step[0] > 0 in function 'locateROI'
" thrown in the test body.
[  FAILED  ] OCL_Imgproc/CornerHarris.Mat/30, where GetParam() = (32FC1, 5, 4, false) (0 ms)
[ RUN      ] OCL_Imgproc/CornerHarris.Mat/31, where GetParam() = (32FC1, 5, 4, true)
/home/az/sdk/src/opencv/opencv/modules/imgproc/test/ocl/test_imgproc.cpp:198: Failure
Value of: image.empty()
  Actual: true
Expected: false
unknown file: Failure
C++ exception with description "OpenCV(4.0.0-dev) /home/az/sdk/src/opencv/opencv/modules/core/src/matrix.cpp:757: error: (-215:Assertion failed) dims <= 2 && step[0] > 0 in function 'locateROI'
" thrown in the test body.
[  FAILED  ] OCL_Imgproc/CornerHarris.Mat/31, where GetParam() = (32FC1, 5, 4, true) (0 ms)
[----------] 32 tests from OCL_Imgproc/CornerHarris (2 ms total)

[----------] Global test environment tear-down
[==========] 32 tests from 1 test case ran. (2 ms total)
[  PASSED  ] 0 tests.
[  FAILED  ] 32 tests, listed below:
[  FAILED  ] OCL_Imgproc/CornerHarris.Mat/0, where GetParam() = (8UC1, 3, 0, false)
[  FAILED  ] OCL_Imgproc/CornerHarris.Mat/1, where GetParam() = (8UC1, 3, 0, true)
[  FAILED  ] OCL_Imgproc/CornerHarris.Mat/2, where GetParam() = (8UC1, 3, 1, false)
[  FAILED  ] OCL_Imgproc/CornerHarris.Mat/3, where GetParam() = (8UC1, 3, 1, true)
[  FAILED  ] OCL_Imgproc/CornerHarris.Mat/4, where GetParam() = (8UC1, 3, 2, false)
[  FAILED  ] OCL_Imgproc/CornerHarris.Mat/5, where GetParam() = (8UC1, 3, 2, true)
[  FAILED  ] OCL_Imgproc/CornerHarris.Mat/6, where GetParam() = (8UC1, 3, 4, false)
[  FAILED  ] OCL_Imgproc/CornerHarris.Mat/7, where GetParam() = (8UC1, 3, 4, true)
[  FAILED  ] OCL_Imgproc/CornerHarris.Mat/8, where GetParam() = (8UC1, 5, 0, false)
[  FAILED  ] OCL_Imgproc/CornerHarris.Mat/9, where GetParam() = (8UC1, 5, 0, true)
[  FAILED  ] OCL_Imgproc/CornerHarris.Mat/10, where GetParam() = (8UC1, 5, 1, false)
[  FAILED  ] OCL_Imgproc/CornerHarris.Mat/11, where GetParam() = (8UC1, 5, 1, true)
[  FAILED  ] OCL_Imgproc/CornerHarris.Mat/12, where GetParam() = (8UC1, 5, 2, false)
[  FAILED  ] OCL_Imgproc/CornerHarris.Mat/13, where GetParam() = (8UC1, 5, 2, true)
[  FAILED  ] OCL_Imgproc/CornerHarris.Mat/14, where GetParam() = (8UC1, 5, 4, false)
[  FAILED  ] OCL_Imgproc/CornerHarris.Mat/15, where GetParam() = (8UC1, 5, 4, true)
[  FAILED  ] OCL_Imgproc/CornerHarris.Mat/16, where GetParam() = (32FC1, 3, 0, false)
[  FAILED  ] OCL_Imgproc/CornerHarris.Mat/17, where GetParam() = (32FC1, 3, 0, true)
[  FAILED  ] OCL_Imgproc/CornerHarris.Mat/18, where GetParam() = (32FC1, 3, 1, false)
[  FAILED  ] OCL_Imgproc/CornerHarris.Mat/19, where GetParam() = (32FC1, 3, 1, true)
[  FAILED  ] OCL_Imgproc/CornerHarris.Mat/20, where GetParam() = (32FC1, 3, 2, false)
[  FAILED  ] OCL_Imgproc/CornerHarris.Mat/21, where GetParam() = (32FC1, 3, 2, true)
[  FAILED  ] OCL_Imgproc/CornerHarris.Mat/22, where GetParam() = (32FC1, 3, 4, false)
[  FAILED  ] OCL_Imgproc/CornerHarris.Mat/23, where GetParam() = (32FC1, 3, 4, true)
[  FAILED  ] OCL_Imgproc/CornerHarris.Mat/24, where GetParam() = (32FC1, 5, 0, false)
[  FAILED  ] OCL_Imgproc/CornerHarris.Mat/25, where GetParam() = (32FC1, 5, 0, true)
[  FAILED  ] OCL_Imgproc/CornerHarris.Mat/26, where GetParam() = (32FC1, 5, 1, false)
[  FAILED  ] OCL_Imgproc/CornerHarris.Mat/27, where GetParam() = (32FC1, 5, 1, true)
[  FAILED  ] OCL_Imgproc/CornerHarris.Mat/28, where GetParam() = (32FC1, 5, 2, false)
[  FAILED  ] OCL_Imgproc/CornerHarris.Mat/29, where GetParam() = (32FC1, 5, 2, true)
[  FAILED  ] OCL_Imgproc/CornerHarris.Mat/30, where GetParam() = (32FC1, 5, 4, false)
[  FAILED  ] OCL_Imgproc/CornerHarris.Mat/31, where GetParam() = (32FC1, 5, 4, true)

32 FAILED TESTS
