CTEST_FULL_OUTPUT
OpenCV version: 4.0.1-dev
OpenCV VCS version: 4.0.0-beta-625-g6b96512d4
Build type: RELEASE
WARNING: build value differs from runtime: Release
Compiler: /usr/bin/c++  (ver 7.3.0)
Parallel framework: pthreads
CPU features: NEON FP16
OpenCL Platforms: 
    ARM Platform
        iGPU: Mali-T860 (OpenCL 1.2 v1.r14p0-01rel0-git(966ed26).f44c85cb3d2ceb87e8be88e7592755c3)
Current OpenCL device: 
    Type = iGPU
    Name = Mali-T860
    Version = OpenCL 1.2 v1.r14p0-01rel0-git(966ed26).f44c85cb3d2ceb87e8be88e7592755c3
    Driver version = 1.2
    Address bits = 64
    Compute units = 4
    Max work group size = 64
    Local memory size = 32 KB
    Max memory allocation size = 493 MB 15 KB
    Double support = Yes
    Host unified memory = Yes
    Device extensions:
        cl_khr_global_int32_base_atomics
        cl_khr_global_int32_extended_atomics
        cl_khr_local_int32_base_atomics
        cl_khr_local_int32_extended_atomics
        cl_khr_byte_addressable_store
        cl_khr_3d_image_writes
        cl_khr_fp64
        cl_khr_int64_base_atomics
        cl_khr_int64_extended_atomics
        cl_khr_fp16
        cl_khr_gl_sharing
        cl_khr_icd
        cl_khr_egl_event
        cl_khr_egl_image
        cl_khr_image2d_from_buffer
        cl_arm_core_id
        cl_arm_printf
        cl_arm_thread_limit_hint
        cl_arm_non_uniform_work_group_size
        cl_arm_import_memory
    Has AMD Blas = No
    Has AMD Fft = No
    Preferred vector width char = 16
    Preferred vector width short = 8
    Preferred vector width int = 4
    Preferred vector width long = 2
    Preferred vector width float = 4
    Preferred vector width double = 2
Note: Google Test filter = *OCL_Imgproc/CalcBackProject*
[==========] Running 8 tests from 1 test case.
[----------] Global test environment set-up.
[----------] 8 tests from OCL_Imgproc/CalcBackProject
[ RUN      ] OCL_Imgproc/CalcBackProject.Mat/0, where GetParam() = (CV_8U, 1, false)
[       OK ] OCL_Imgproc/CalcBackProject.Mat/0 (100 ms)
[ RUN      ] OCL_Imgproc/CalcBackProject.Mat/1, where GetParam() = (CV_8U, 1, true)
[       OK ] OCL_Imgproc/CalcBackProject.Mat/1 (6 ms)
[ RUN      ] OCL_Imgproc/CalcBackProject.Mat/2, where GetParam() = (CV_8U, 2, false)
[       OK ] OCL_Imgproc/CalcBackProject.Mat/2 (50 ms)
[ RUN      ] OCL_Imgproc/CalcBackProject.Mat/3, where GetParam() = (CV_8U, 2, true)
[       OK ] OCL_Imgproc/CalcBackProject.Mat/3 (4 ms)
[ RUN      ] OCL_Imgproc/CalcBackProject.Mat_RealImage/0, where GetParam() = (CV_8U, 1, false)
unknown file: Failure
C++ exception with description "OpenCV(4.0.1-dev) /home/pi/sdk/src/opencv/modules/ts/src/ts_func.cpp:1386: error: (-215:Assertion failed) src1.type() == src2.type() && src1.size == src2.size in function 'norm'
" thrown in the test body.
[  FAILED  ] OCL_Imgproc/CalcBackProject.Mat_RealImage/0, where GetParam() = (CV_8U, 1, false) (32 ms)
[ RUN      ] OCL_Imgproc/CalcBackProject.Mat_RealImage/1, where GetParam() = (CV_8U, 1, true)
unknown file: Failure
C++ exception with description "OpenCV(4.0.1-dev) /home/pi/sdk/src/opencv/modules/ts/src/ts_func.cpp:1386: error: (-215:Assertion failed) src1.type() == src2.type() && src1.size == src2.size in function 'norm'
" thrown in the test body.
[  FAILED  ] OCL_Imgproc/CalcBackProject.Mat_RealImage/1, where GetParam() = (CV_8U, 1, true) (2 ms)
[ RUN      ] OCL_Imgproc/CalcBackProject.Mat_RealImage/2, where GetParam() = (CV_8U, 2, false)
unknown file: Failure
C++ exception with description "OpenCV(4.0.1-dev) /home/pi/sdk/src/opencv/modules/ts/src/ts_func.cpp:1386: error: (-215:Assertion failed) src1.type() == src2.type() && src1.size == src2.size in function 'norm'
" thrown in the test body.
[  FAILED  ] OCL_Imgproc/CalcBackProject.Mat_RealImage/2, where GetParam() = (CV_8U, 2, false) (2 ms)
[ RUN      ] OCL_Imgproc/CalcBackProject.Mat_RealImage/3, where GetParam() = (CV_8U, 2, true)
unknown file: Failure
C++ exception with description "OpenCV(4.0.1-dev) /home/pi/sdk/src/opencv/modules/ts/src/ts_func.cpp:1386: error: (-215:Assertion failed) src1.type() == src2.type() && src1.size == src2.size in function 'norm'
" thrown in the test body.
[  FAILED  ] OCL_Imgproc/CalcBackProject.Mat_RealImage/3, where GetParam() = (CV_8U, 2, true) (2 ms)
[----------] 8 tests from OCL_Imgproc/CalcBackProject (200 ms total)

[----------] Global test environment tear-down
[==========] 8 tests from 1 test case ran. (202 ms total)
[  PASSED  ] 4 tests.
[  FAILED  ] 4 tests, listed below:
[  FAILED  ] OCL_Imgproc/CalcBackProject.Mat_RealImage/0, where GetParam() = (CV_8U, 1, false)
[  FAILED  ] OCL_Imgproc/CalcBackProject.Mat_RealImage/1, where GetParam() = (CV_8U, 1, true)
[  FAILED  ] OCL_Imgproc/CalcBackProject.Mat_RealImage/2, where GetParam() = (CV_8U, 2, false)
[  FAILED  ] OCL_Imgproc/CalcBackProject.Mat_RealImage/3, where GetParam() = (CV_8U, 2, true)

 4 FAILED TESTS
